# JRE version: OpenJDK Runtime Environment Temurin-21.0.10+7 (21.0.10+7) (build 21.0.10+7-LTS)
# Java VM: OpenJDK 64-Bit Server VM Temurin-21.0.10+7 (21.0.10+7-LTS, mixed mode, sharing, tiered, compressed oops, compressed class ptrs, parallel gc, windows-amd64)
GC Precious Log:
 CardTable entry size: 512
 CPUs: 4 total, 4 available
 Memory: 7128M
 Large Page Support: Disabled
 NUMA Support: Disabled
 Compressed Oops: Enabled (32-bit)
 Alignments: Space 512K, Generation 512K, Heap 2M
 Heap Min Capacity: 100M
 Heap Initial Capacity: 100M
 Heap Max Capacity: 2G
 Pre-touch: Disabled
 Parallel Workers: 4
Heap:
 PSYoungGen      total 4096K, used 1343K [0x00000000d5580000, 0x00000000d5d00000, 0x0000000100000000)
  eden space 3072K, 36% used [0x00000000d5580000,0x00000000d5697e70,0x00000000d5880000)
  from space 1024K, 21% used [0x00000000d5880000,0x00000000d58b8000,0x00000000d5980000)
  to   space 512K, 0% used [0x00000000d5c80000,0x00000000d5c80000,0x00000000d5d00000)
 ParOldGen       total 476672K, used 476133K [0x0000000080000000, 0x000000009d180000, 0x00000000d5580000)
  object space 476672K, 99% used [0x0000000080000000,0x000000009d0f9460,0x000000009d180000)
 Metaspace       used 89396K, committed 91264K, reserved 1179648K
  class space    used 9273K, committed 10112K, reserved 1048576K
GC Heap History (20 events):
Event: 9695.899 GC heap before
{Heap before GC invocations=1197 (full 4):
 PSYoungGen      total 8704K, used 8471K [0x00000000d5580000, 0x00000000d5f00000, 0x0000000100000000)
  eden space 8192K, 100% used [0x00000000d5580000,0x00000000d5d80000,0x00000000d5d80000)
  from space 512K, 54% used [0x00000000d5e00000,0x00000000d5e45fa8,0x00000000d5e80000)
  to   space 512K, 0% used [0x00000000d5e80000,0x00000000d5e80000,0x00000000d5f00000)
 ParOldGen       total 437760K, used 437367K [0x0000000080000000, 0x000000009ab80000, 0x00000000d5580000)
  object space 437760K, 99% used [0x0000000080000000,0x000000009ab1df08,0x000000009ab80000)
 Metaspace       used 89263K, committed 91200K, reserved 1179648K
  class space    used 9265K, committed 10112K, reserved 1048576K
}
Event: 9695.904 GC heap after
{Heap after GC invocations=1197 (full 4):
 PSYoungGen      total 8704K, used 435K [0x00000000d5580000, 0x00000000d5f00000, 0x0000000100000000)
  eden space 8192K, 0% used [0x00000000d5580000,0x00000000d5580000,0x00000000d5d80000)
  from space 512K, 85% used [0x00000000d5e80000,0x00000000d5eecce0,0x00000000d5f00000)
  to   space 512K, 0% used [0x00000000d5e00000,0x00000000d5e00000,0x00000000d5e80000)
 ParOldGen       total 437760K, used 437604K [0x0000000080000000, 0x000000009ab80000, 0x00000000d5580000)
  object space 437760K, 99% used [0x0000000080000000,0x000000009ab59068,0x000000009ab80000)
 Metaspace       used 89263K, committed 91200K, reserved 1179648K
  class space    used 9265K, committed 10112K, reserved 1048576K
}
Event: 9696.120 GC heap before
{Heap before GC invocations=1198 (full 4):
 PSYoungGen      total 8704K, used 8627K [0x00000000d5580000, 0x00000000d5f00000, 0x0000000100000000)
  eden space 8192K, 100% used [0x00000000d5580000,0x00000000d5d80000,0x00000000d5d80000)
  from space 512K, 85% used [0x00000000d5e80000,0x00000000d5eecce0,0x00000000d5f00000)
  to   space 512K, 0% used [0x00000000d5e00000,0x00000000d5e00000,0x00000000d5e80000)
 ParOldGen       total 437760K, used 437604K [0x0000000080000000, 0x000000009ab80000, 0x00000000d5580000)
  object space 437760K, 99% used [0x0000000080000000,0x000000009ab59068,0x000000009ab80000)
 Metaspace       used 89263K, committed 91200K, reserved 1179648K
  class space    used 9265K, committed 10112K, reserved 1048576K
}
Event: 9696.126 GC heap after
{Heap after GC invocations=1198 (full 4):
 PSYoungGen      total 8704K, used 255K [0x00000000d5580000, 0x00000000d5f00000, 0x0000000100000000)
  eden space 8192K, 0% used [0x00000000d5580000,0x00000000d5580000,0x00000000d5d80000)
  from space 512K, 49% used [0x00000000d5e00000,0x00000000d5e3ffd0,0x00000000d5e80000)
  to   space 512K, 0% used [0x00000000d5e80000,0x00000000d5e80000,0x00000000d5f00000)
 ParOldGen       total 438272K, used 437951K [0x0000000080000000, 0x000000009ac00000, 0x00000000d5580000)
  object space 438272K, 99% used [0x0000000080000000,0x000000009abaffd0,0x000000009ac00000)
 Metaspace       used 89263K, committed 91200K, reserved 1179648K
  class space    used 9265K, committed 10112K, reserved 1048576K
}
Event: 9696.264 GC heap before
{Heap before GC invocations=1199 (full 4):
 PSYoungGen      total 8704K, used 8447K [0x00000000d5580000, 0x00000000d5f00000, 0x0000000100000000)
  eden space 8192K, 100% used [0x00000000d5580000,0x00000000d5d80000,0x00000000d5d80000)
  from space 512K, 49% used [0x00000000d5e00000,0x00000000d5e3ffd0,0x00000000d5e80000)
  to   space 512K, 0% used [0x00000000d5e80000,0x00000000d5e80000,0x00000000d5f00000)
 ParOldGen       total 438272K, used 437951K [0x0000000080000000, 0x000000009ac00000, 0x00000000d5580000)
  object space 438272K, 99% used [0x0000000080000000,0x000000009abaffd0,0x000000009ac00000)
 Metaspace       used 89263K, committed 91200K, reserved 1179648K
  class space    used 9265K, committed 10112K, reserved 1048576K
}
Event: 9696.268 GC heap after
{Heap after GC invocations=1199 (full 4):
 PSYoungGen      total 8704K, used 159K [0x00000000d5580000, 0x00000000d5f00000, 0x0000000100000000)
  eden space 8192K, 0% used [0x00000000d5580000,0x00000000d5580000,0x00000000d5d80000)
  from space 512K, 31% used [0x00000000d5e80000,0x00000000d5ea7ff0,0x00000000d5f00000)
  to   space 512K, 0% used [0x00000000d5e00000,0x00000000d5e00000,0x00000000d5e80000)
 ParOldGen       total 438272K, used 438089K [0x0000000080000000, 0x000000009ac00000, 0x00000000d5580000)
  object space 438272K, 99% used [0x0000000080000000,0x000000009abd2688,0x000000009ac00000)
 Metaspace       used 89263K, committed 91200K, reserved 1179648K
  class space    used 9265K, committed 10112K, reserved 1048576K
}
Event: 9696.525 GC heap before
{Heap before GC invocations=1200 (full 4):
 PSYoungGen      total 8704K, used 8351K [0x00000000d5580000, 0x00000000d5f00000, 0x0000000100000000)
  eden space 8192K, 100% used [0x00000000d5580000,0x00000000d5d80000,0x00000000d5d80000)
  from space 512K, 31% used [0x00000000d5e80000,0x00000000d5ea7ff0,0x00000000d5f00000)
  to   space 512K, 0% used [0x00000000d5e00000,0x00000000d5e00000,0x00000000d5e80000)
 ParOldGen       total 438272K, used 438089K [0x0000000080000000, 0x000000009ac00000, 0x00000000d5580000)
  object space 438272K, 99% used [0x0000000080000000,0x000000009abd2688,0x000000009ac00000)
 Metaspace       used 89264K, committed 91200K, reserved 1179648K
  class space    used 9265K, committed 10112K, reserved 1048576K
}
Event: 9696.531 GC heap after
{Heap after GC invocations=1200 (full 4):
 PSYoungGen      total 8704K, used 512K [0x00000000d5580000, 0x00000000d5f80000, 0x0000000100000000)
  eden space 8192K, 0% used [0x00000000d5580000,0x00000000d5580000,0x00000000d5d80000)
  from space 512K, 100% used [0x00000000d5e00000,0x00000000d5e80000,0x00000000d5e80000)
  to   space 1024K, 0% used [0x00000000d5e80000,0x00000000d5e80000,0x00000000d5f80000)
 ParOldGen       total 438784K, used 438360K [0x0000000080000000, 0x000000009ac80000, 0x00000000d5580000)
  object space 438784K, 99% used [0x0000000080000000,0x000000009ac16030,0x000000009ac80000)
 Metaspace       used 89264K, committed 91200K, reserved 1179648K
  class space    used 9265K, committed 10112K, reserved 1048576K
}
Event: 9696.696 GC heap before
{Heap before GC invocations=1201 (full 4):
 PSYoungGen      total 8704K, used 8704K [0x00000000d5580000, 0x00000000d5f80000, 0x0000000100000000)
  eden space 8192K, 100% used [0x00000000d5580000,0x00000000d5d80000,0x00000000d5d80000)
  from space 512K, 100% used [0x00000000d5e00000,0x00000000d5e80000,0x00000000d5e80000)
  to   space 1024K, 0% used [0x00000000d5e80000,0x00000000d5e80000,0x00000000d5f80000)
 ParOldGen       total 438784K, used 438360K [0x0000000080000000, 0x000000009ac80000, 0x00000000d5580000)
  object space 438784K, 99% used [0x0000000080000000,0x000000009ac16030,0x000000009ac80000)
 Metaspace       used 89277K, committed 91200K, reserved 1179648K
  class space    used 9268K, committed 10112K, reserved 1048576K
}
Event: 9696.705 GC heap after
{Heap after GC invocations=1201 (full 4):
 PSYoungGen      total 8192K, used 1002K [0x00000000d5580000, 0x00000000d6180000, 0x0000000100000000)
  eden space 7168K, 0% used [0x00000000d5580000,0x00000000d5580000,0x00000000d5c80000)
  from space 1024K, 97% used [0x00000000d5e80000,0x00000000d5f7a910,0x00000000d5f80000)
  to   space 2048K, 0% used [0x00000000d5c80000,0x00000000d5c80000,0x00000000d5e80000)
 ParOldGen       total 439296K, used 438872K [0x0000000080000000, 0x000000009ad00000, 0x00000000d5580000)
  object space 439296K, 99% used [0x0000000080000000,0x000000009ac96040,0x000000009ad00000)
 Metaspace       used 89277K, committed 91200K, reserved 1179648K
  class space    used 9268K, committed 10112K, reserved 1048576K
}
Event: 9698.123 GC heap before
{Heap before GC invocations=1202 (full 4):
 PSYoungGen      total 8192K, used 8170K [0x00000000d5580000, 0x00000000d6180000, 0x0000000100000000)
  eden space 7168K, 100% used [0x00000000d5580000,0x00000000d5c80000,0x00000000d5c80000)
  from space 1024K, 97% used [0x00000000d5e80000,0x00000000d5f7a910,0x00000000d5f80000)
  to   space 2048K, 0% used [0x00000000d5c80000,0x00000000d5c80000,0x00000000d5e80000)
 ParOldGen       total 439296K, used 438872K [0x0000000080000000, 0x000000009ad00000, 0x00000000d5580000)
  object space 439296K, 99% used [0x0000000080000000,0x000000009ac96040,0x000000009ad00000)
 Metaspace       used 89292K, committed 91200K, reserved 1179648K
  class space    used 9268K, committed 10112K, reserved 1048576K
}
Event: 9698.129 GC heap after
{Heap after GC invocations=1202 (full 4):
 PSYoungGen      total 7680K, used 384K [0x00000000d5580000, 0x00000000d5f00000, 0x0000000100000000)
  eden space 7168K, 0% used [0x00000000d5580000,0x00000000d5580000,0x00000000d5c80000)
  from space 512K, 75% used [0x00000000d5c80000,0x00000000d5ce0020,0x00000000d5d00000)
  to   space 1024K, 0% used [0x00000000d5e00000,0x00000000d5e00000,0x00000000d5f00000)
 ParOldGen       total 440320K, used 439809K [0x0000000080000000, 0x000000009ae00000, 0x00000000d5580000)
  object space 440320K, 99% used [0x0000000080000000,0x000000009ad80430,0x000000009ae00000)
 Metaspace       used 89292K, committed 91200K, reserved 1179648K
  class space    used 9268K, committed 10112K, reserved 1048576K
}
Event: 9698.739 GC heap before
{Heap before GC invocations=1203 (full 4):
 PSYoungGen      total 7680K, used 7552K [0x00000000d5580000, 0x00000000d5f00000, 0x0000000100000000)
  eden space 7168K, 100% used [0x00000000d5580000,0x00000000d5c80000,0x00000000d5c80000)
  from space 512K, 75% used [0x00000000d5c80000,0x00000000d5ce0020,0x00000000d5d00000)
  to   space 1024K, 0% used [0x00000000d5e00000,0x00000000d5e00000,0x00000000d5f00000)
 ParOldGen       total 440320K, used 439809K [0x0000000080000000, 0x000000009ae00000, 0x00000000d5580000)
  object space 440320K, 99% used [0x0000000080000000,0x000000009ad80430,0x000000009ae00000)
 Metaspace       used 89301K, committed 91200K, reserved 1179648K
  class space    used 9268K, committed 10112K, reserved 1048576K
}
Event: 9698.746 GC heap after
{Heap after GC invocations=1203 (full 4):
 PSYoungGen      total 4096K, used 993K [0x00000000d5580000, 0x00000000d6780000, 0x0000000100000000)
  eden space 3072K, 0% used [0x00000000d5580000,0x00000000d5580000,0x00000000d5880000)
  from space 1024K, 97% used [0x00000000d5e00000,0x00000000d5ef8798,0x00000000d5f00000)
  to   space 5632K, 0% used [0x00000000d5880000,0x00000000d5880000,0x00000000d5e00000)
 ParOldGen       total 443392K, used 443237K [0x0000000080000000, 0x000000009b100000, 0x00000000d5580000)
  object space 443392K, 99% used [0x0000000080000000,0x000000009b0d96b8,0x000000009b100000)
 Metaspace       used 89301K, committed 91200K, reserved 1179648K
  class space    used 9268K, committed 10112K, reserved 1048576K
}
Event: 9698.878 GC heap before
{Heap before GC invocations=1204 (full 4):
 PSYoungGen      total 4096K, used 4064K [0x00000000d5580000, 0x00000000d6780000, 0x0000000100000000)
  eden space 3072K, 99% used [0x00000000d5580000,0x00000000d587f968,0x00000000d5880000)
  from space 1024K, 97% used [0x00000000d5e00000,0x00000000d5ef8798,0x00000000d5f00000)
  to   space 5632K, 0% used [0x00000000d5880000,0x00000000d5880000,0x00000000d5e00000)
 ParOldGen       total 443392K, used 443237K [0x0000000080000000, 0x000000009b100000, 0x00000000d5580000)
  object space 443392K, 99% used [0x0000000080000000,0x000000009b0d96b8,0x000000009b100000)
 Metaspace       used 89303K, committed 91200K, reserved 1179648K
  class space    used 9268K, committed 10112K, reserved 1048576K
}
Event: 9698.887 GC heap after
{Heap after GC invocations=1204 (full 4):
 PSYoungGen      total 4096K, used 640K [0x00000000d5580000, 0x00000000d5e80000, 0x0000000100000000)
  eden space 3072K, 0% used [0x00000000d5580000,0x00000000d5580000,0x00000000d5880000)
  from space 1024K, 62% used [0x00000000d5880000,0x00000000d5920000,0x00000000d5980000)
  to   space 2048K, 0% used [0x00000000d5c80000,0x00000000d5c80000,0x00000000d5e80000)
 ParOldGen       total 444416K, used 444207K [0x0000000080000000, 0x000000009b200000, 0x00000000d5580000)
  object space 444416K, 99% used [0x0000000080000000,0x000000009b1cbcb0,0x000000009b200000)
 Metaspace       used 89303K, committed 91200K, reserved 1179648K
  class space    used 9268K, committed 10112K, reserved 1048576K
}
Event: 9699.284 GC heap before
{Heap before GC invocations=1205 (full 4):
 PSYoungGen      total 4096K, used 3710K [0x00000000d5580000, 0x00000000d5e80000, 0x0000000100000000)
  eden space 3072K, 99% used [0x00000000d5580000,0x00000000d587fad0,0x00000000d5880000)
  from space 1024K, 62% used [0x00000000d5880000,0x00000000d5920000,0x00000000d5980000)
  to   space 2048K, 0% used [0x00000000d5c80000,0x00000000d5c80000,0x00000000d5e80000)
 ParOldGen       total 444416K, used 444207K [0x0000000080000000, 0x000000009b200000, 0x00000000d5580000)
  object space 444416K, 99% used [0x0000000080000000,0x000000009b1cbcb0,0x000000009b200000)
 Metaspace       used 89348K, committed 91264K, reserved 1179648K
  class space    used 9271K, committed 10112K, reserved 1048576K
}
Event: 9699.289 GC heap after
{Heap after GC invocations=1205 (full 4):
 PSYoungGen      total 4096K, used 704K [0x00000000d5580000, 0x00000000d5d80000, 0x0000000100000000)
  eden space 3072K, 0% used [0x00000000d5580000,0x00000000d5580000,0x00000000d5880000)
  from space 1024K, 68% used [0x00000000d5c80000,0x00000000d5d30000,0x00000000d5d80000)
  to   space 1024K, 0% used [0x00000000d5880000,0x00000000d5880000,0x00000000d5980000)
 ParOldGen       total 444928K, used 444797K [0x0000000080000000, 0x000000009b280000, 0x00000000d5580000)
  object space 444928K, 99% used [0x0000000080000000,0x000000009b25f430,0x000000009b280000)
 Metaspace       used 89348K, committed 91264K, reserved 1179648K
  class space    used 9271K, committed 10112K, reserved 1048576K
}
Event: 9700.301 GC heap before
{Heap before GC invocations=1206 (full 4):
 PSYoungGen      total 4096K, used 3776K [0x00000000d5580000, 0x00000000d5d80000, 0x0000000100000000)
  eden space 3072K, 100% used [0x00000000d5580000,0x00000000d5880000,0x00000000d5880000)
  from space 1024K, 68% used [0x00000000d5c80000,0x00000000d5d30000,0x00000000d5d80000)
  to   space 1024K, 0% used [0x00000000d5880000,0x00000000d5880000,0x00000000d5980000)
 ParOldGen       total 476672K, used 475517K [0x0000000080000000, 0x000000009d180000, 0x00000000d5580000)
  object space 476672K, 99% used [0x0000000080000000,0x000000009d05f460,0x000000009d180000)
 Metaspace       used 89360K, committed 91264K, reserved 1179648K
  class space    used 9271K, committed 10112K, reserved 1048576K
}
Event: 9700.308 GC heap after
{Heap after GC invocations=1206 (full 4):
 PSYoungGen      total 4096K, used 224K [0x00000000d5580000, 0x00000000d5d00000, 0x0000000100000000)
  eden space 3072K, 0% used [0x00000000d5580000,0x00000000d5580000,0x00000000d5880000)
  from space 1024K, 21% used [0x00000000d5880000,0x00000000d58b8000,0x00000000d5980000)
  to   space 512K, 0% used [0x00000000d5c80000,0x00000000d5c80000,0x00000000d5d00000)
 ParOldGen       total 476672K, used 476133K [0x0000000080000000, 0x000000009d180000, 0x00000000d5580000)
  object space 476672K, 99% used [0x0000000080000000,0x000000009d0f9460,0x000000009d180000)
 Metaspace       used 89360K, committed 91264K, reserved 1179648K
  class space    used 9271K, committed 10112K, reserved 1048576K
}

